# JRE version: OpenJDK Runtime Environment Corretto-21.0.9.10.1 (21.0.9+10) (build 21.0.9+10-LTS)
# Java VM: OpenJDK 64-Bit Server VM Corretto-21.0.9.10.1 (21.0.9+10-LTS, mixed mode, sharing, tiered, compressed oops, compressed class ptrs, g1 gc, windows-amd64)
GC Precious Log:
 CardTable entry size: 512
 Card Set container configuration: InlinePtr #cards 5 size 8 Array Of Cards #cards 12 size 40 Howl #buckets 4 coarsen threshold 1843 Howl Bitmap #cards 512 size 80 coarsen threshold 460 Card regions per heap region 1 cards per card region 2048
 CPUs: 8 total, 8 available
 Memory: 7502M
 Large Page Support: Disabled
 NUMA Support: Disabled
 Compressed Oops: Enabled (32-bit)
 Heap Region Size: 1M
 Heap Min Capacity: 8M
 Heap Initial Capacity: 118M
 Heap Max Capacity: 1876M
 Pre-touch: Disabled
 Parallel Workers: 8
 Concurrent Workers: 2
 Concurrent Refinement Workers: 8
 Periodic GC: Disabled
Heap:
 garbage-first heap   total 69632K, used 61698K [0x000000008ac00000, 0x0000000100000000)
  region size 1024K, 20 young (20480K), 3 survivors (3072K)
 Metaspace       used 83785K, committed 84544K, reserved 1179648K
  class space    used 11440K, committed 11776K, reserved 1048576K
GC Heap History (20 events):
Event: 7.820 GC heap after
{Heap after GC invocations=8 (full 0):
 garbage-first heap   total 68608K, used 26442K [0x000000008ac00000, 0x0000000100000000)
  region size 1024K, 1 young (1024K), 1 survivors (1024K)
 Metaspace       used 35500K, committed 36096K, reserved 1114112K
  class space    used 4632K, committed 4928K, reserved 1048576K
}
Event: 8.968 GC heap before
{Heap before GC invocations=9 (full 0):
 garbage-first heap   total 68608K, used 56138K [0x000000008ac00000, 0x0000000100000000)
  region size 1024K, 30 young (30720K), 1 survivors (1024K)
 Metaspace       used 41986K, committed 42560K, reserved 1114112K
  class space    used 5396K, committed 5696K, reserved 1048576K
}
Event: 8.972 GC heap after
{Heap after GC invocations=10 (full 0):
 garbage-first heap   total 68608K, used 29752K [0x000000008ac00000, 0x0000000100000000)
  region size 1024K, 4 young (4096K), 4 survivors (4096K)
 Metaspace       used 41986K, committed 42560K, reserved 1114112K
  class space    used 5396K, committed 5696K, reserved 1048576K
}
Event: 9.821 GC heap before
{Heap before GC invocations=10 (full 0):
 garbage-first heap   total 68608K, used 57400K [0x000000008ac00000, 0x0000000100000000)
  region size 1024K, 31 young (31744K), 4 survivors (4096K)
 Metaspace       used 46545K, committed 47232K, reserved 1114112K
  class space    used 5977K, committed 6272K, reserved 1048576K
}
Event: 9.825 GC heap after
{Heap after GC invocations=11 (full 0):
 garbage-first heap   total 68608K, used 30911K [0x000000008ac00000, 0x0000000100000000)
  region size 1024K, 2 young (2048K), 2 survivors (2048K)
 Metaspace       used 46545K, committed 47232K, reserved 1114112K
  class space    used 5977K, committed 6272K, reserved 1048576K
}
Event: 10.754 GC heap before
{Heap before GC invocations=11 (full 0):
 garbage-first heap   total 68608K, used 58559K [0x000000008ac00000, 0x0000000100000000)
  region size 1024K, 29 young (29696K), 2 survivors (2048K)
 Metaspace       used 54460K, committed 55104K, reserved 1114112K
  class space    used 7226K, committed 7488K, reserved 1048576K
}
Event: 10.757 GC heap after
{Heap after GC invocations=12 (full 0):
 garbage-first heap   total 68608K, used 32194K [0x000000008ac00000, 0x0000000100000000)
  region size 1024K, 3 young (3072K), 3 survivors (3072K)
 Metaspace       used 54460K, committed 55104K, reserved 1114112K
  class space    used 7226K, committed 7488K, reserved 1048576K
}
Event: 11.226 GC heap before
{Heap before GC invocations=12 (full 0):
 garbage-first heap   total 68608K, used 48578K [0x000000008ac00000, 0x0000000100000000)
  region size 1024K, 21 young (21504K), 3 survivors (3072K)
 Metaspace       used 59722K, committed 60288K, reserved 1114112K
  class space    used 8012K, committed 8256K, reserved 1048576K
}
Event: 11.229 GC heap after
{Heap after GC invocations=13 (full 0):
 garbage-first heap   total 68608K, used 33388K [0x000000008ac00000, 0x0000000100000000)
  region size 1024K, 3 young (3072K), 3 survivors (3072K)
 Metaspace       used 59722K, committed 60288K, reserved 1114112K
  class space    used 8012K, committed 8256K, reserved 1048576K
}
Event: 13.053 GC heap before
{Heap before GC invocations=14 (full 0):
 garbage-first heap   total 68608K, used 60012K [0x000000008ac00000, 0x0000000100000000)
  region size 1024K, 29 young (29696K), 3 survivors (3072K)
 Metaspace       used 65958K, committed 66624K, reserved 1114112K
  class space    used 9045K, committed 9344K, reserved 1048576K
}
Event: 13.059 GC heap after
{Heap after GC invocations=15 (full 0):
 garbage-first heap   total 68608K, used 34546K [0x000000008ac00000, 0x0000000100000000)
  region size 1024K, 3 young (3072K), 3 survivors (3072K)
 Metaspace       used 65958K, committed 66624K, reserved 1114112K
  class space    used 9045K, committed 9344K, reserved 1048576K
}
Event: 13.986 GC heap before
{Heap before GC invocations=15 (full 0):
 garbage-first heap   total 68608K, used 61170K [0x000000008ac00000, 0x0000000100000000)
  region size 1024K, 29 young (29696K), 3 survivors (3072K)
 Metaspace       used 70583K, committed 71296K, reserved 1114112K
  class space    used 9639K, committed 9984K, reserved 1048576K
}
Event: 13.992 GC heap after
{Heap after GC invocations=16 (full 0):
 garbage-first heap   total 68608K, used 36804K [0x000000008ac00000, 0x0000000100000000)
  region size 1024K, 4 young (4096K), 4 survivors (4096K)
 Metaspace       used 70583K, committed 71296K, reserved 1114112K
  class space    used 9639K, committed 9984K, reserved 1048576K
}
Event: 14.961 GC heap before
{Heap before GC invocations=16 (full 0):
 garbage-first heap   total 68608K, used 61380K [0x000000008ac00000, 0x0000000100000000)
  region size 1024K, 28 young (28672K), 4 survivors (4096K)
 Metaspace       used 73930K, committed 74624K, reserved 1114112K
  class space    used 10113K, committed 10432K, reserved 1048576K
}
Event: 14.971 GC heap after
{Heap after GC invocations=17 (full 0):
 garbage-first heap   total 68608K, used 39789K [0x000000008ac00000, 0x0000000100000000)
  region size 1024K, 3 young (3072K), 3 survivors (3072K)
 Metaspace       used 73930K, committed 74624K, reserved 1114112K
  class space    used 10113K, committed 10432K, reserved 1048576K
}
Event: 17.879 GC heap before
{Heap before GC invocations=18 (full 0):
 garbage-first heap   total 68608K, used 61293K [0x000000008ac00000, 0x0000000100000000)
  region size 1024K, 25 young (25600K), 3 survivors (3072K)
 Metaspace       used 77405K, committed 78080K, reserved 1179648K
  class space    used 10592K, committed 10880K, reserved 1048576K
}
Event: 17.887 GC heap after
{Heap after GC invocations=19 (full 0):
 garbage-first heap   total 68608K, used 42020K [0x000000008ac00000, 0x0000000100000000)
  region size 1024K, 3 young (3072K), 3 survivors (3072K)
 Metaspace       used 77405K, committed 78080K, reserved 1179648K
  class space    used 10592K, committed 10880K, reserved 1048576K
}
Event: 18.537 GC heap before
{Heap before GC invocations=19 (full 0):
 garbage-first heap   total 68608K, used 60452K [0x000000008ac00000, 0x0000000100000000)
  region size 1024K, 22 young (22528K), 3 survivors (3072K)
 Metaspace       used 80731K, committed 81472K, reserved 1179648K
  class space    used 11054K, committed 11392K, reserved 1048576K
}
Event: 18.545 GC heap after
{Heap after GC invocations=20 (full 0):
 garbage-first heap   total 69632K, used 44290K [0x000000008ac00000, 0x0000000100000000)
  region size 1024K, 3 young (3072K), 3 survivors (3072K)
 Metaspace       used 80731K, committed 81472K, reserved 1179648K
  class space    used 11054K, committed 11392K, reserved 1048576K
}
Event: 108.395 GC heap before
{Heap before GC invocations=20 (full 0):
 garbage-first heap   total 69632K, used 61698K [0x000000008ac00000, 0x0000000100000000)
  region size 1024K, 20 young (20480K), 3 survivors (3072K)
 Metaspace       used 83785K, committed 84544K, reserved 1179648K
  class space    used 11440K, committed 11776K, reserved 1048576K
}

